Using pre-set license
Built from '2020.3/staging' branch; Version is '2020.3.22f1 (e1a7f79fd887) revision 14788599'; Using compiler version '192528614'; Build Type 'Release'
OS: 'Windows 10 Home; OS build 19042.1526; Version 2009; 64bit' Language: 'ru' Physical Memory: 8123 MB
BatchMode: 1, IsHumanControllingUs: 0, StartBugReporterOnCrash: 0, Is64bit: 1, IsPro: 0

COMMAND LINE ARGUMENTS:
D:\Games\2020.3.22f1\Editor\Unity.exe
-adb2
-batchMode
-noUpm
-name
AssetImportWorker0
-projectPath
D:/UnityProjects/Stretchy/Clamp Climber
-logFile
Logs/AssetImportWorker0.log
-srvPort
56039
Successfully changed project path to: D:/UnityProjects/Stretchy/Clamp Climber
D:/UnityProjects/Stretchy/Clamp Climber
Using Asset Import Pipeline V2.
Refreshing native plugins compatible for Editor in 176.40 ms, found 2 plugins.
Preloading 0 native plugins for Editor in 0.00 ms.
Initialize engine version: 2020.3.22f1 (e1a7f79fd887)
[Subsystems] Discovering subsystems at path D:/Games/2020.3.22f1/Editor/Data/Resources/UnitySubsystems
[Subsystems] Discovering subsystems at path D:/UnityProjects/Stretchy/Clamp Climber/Assets
GfxDevice: creating device client; threaded=0
Direct3D:
    Version:  Direct3D 11.0 [level 11.0]
    Renderer: NVIDIA GeForce GTX 760 (ID=0x1187)
    Vendor:   
    VRAM:     4052 MB
    Driver:   27.21.14.5671
Initialize mono
Mono path[0] = 'D:/Games/2020.3.22f1/Editor/Data/Managed'
Mono path[1] = 'D:/Games/2020.3.22f1/Editor/Data/MonoBleedingEdge/lib/mono/unityjit'
Mono config path = 'D:/Games/2020.3.22f1/Editor/Data/MonoBleedingEdge/etc'
Using monoOptions --debugger-agent=transport=dt_socket,embedding=1,server=y,suspend=n,address=127.0.0.1:56824
Begin MonoManager ReloadAssembly
Registering precompiled unity dll's ...
Register platform support module: D:/Games/2020.3.22f1/Editor/Data/PlaybackEngines/WindowsStandaloneSupport/UnityEditor.WindowsStandalone.Extensions.dll
Registered in 0.026074 seconds.
Native extension for WindowsStandalone target not found
Refreshing native plugins compatible for Editor in 83.86 ms, found 2 plugins.
Preloading 0 native plugins for Editor in 0.00 ms.
Mono: successfully reloaded assembly
- Completed reload, in  8.403 seconds
Domain Reload Profiling:
	ReloadAssembly (8404ms)
		BeginReloadAssembly (55ms)
			ExecutionOrderSort (0ms)
			DisableScriptedObjects (0ms)
			BackupInstance (0ms)
			ReleaseScriptingObjects (0ms)
			CreateAndSetChildDomain (1ms)
		EndReloadAssembly (553ms)
			LoadAssemblies (54ms)
			RebuildTransferFunctionScriptingTraits (0ms)
			SetupTypeCache (167ms)
			ReleaseScriptCaches (0ms)
			RebuildScriptCaches (29ms)
			SetupLoadedEditorAssemblies (246ms)
				LogAssemblyErrors (0ms)
				InitializePlatformSupportModulesInManaged (4ms)
				SetLoadedEditorAssemblies (0ms)
				RefreshPlugins (84ms)
				BeforeProcessingInitializeOnLoad (21ms)
				ProcessInitializeOnLoadAttributes (87ms)
				ProcessInitializeOnLoadMethodAttributes (50ms)
				AfterProcessingInitializeOnLoad (0ms)
				EditorAssembliesLoaded (0ms)
			ExecutionOrderSort2 (0ms)
			AwakeInstancesAfterBackupRestoration (0ms)
Platform modules already initialized, skipping
Registering precompiled user dll's ...
Registered in 0.252751 seconds.
Begin MonoManager ReloadAssembly
Native extension for WindowsStandalone target not found
Refreshing native plugins compatible for Editor in 86.66 ms, found 2 plugins.
Preloading 0 native plugins for Editor in 0.00 ms.
Mono: successfully reloaded assembly
- Completed reload, in  2.760 seconds
Domain Reload Profiling:
	ReloadAssembly (2761ms)
		BeginReloadAssembly (160ms)
			ExecutionOrderSort (0ms)
			DisableScriptedObjects (5ms)
			BackupInstance (0ms)
			ReleaseScriptingObjects (0ms)
			CreateAndSetChildDomain (23ms)
		EndReloadAssembly (2534ms)
			LoadAssemblies (542ms)
			RebuildTransferFunctionScriptingTraits (0ms)
			SetupTypeCache (385ms)
			ReleaseScriptCaches (1ms)
			RebuildScriptCaches (58ms)
			SetupLoadedEditorAssemblies (1410ms)
				LogAssemblyErrors (0ms)
				InitializePlatformSupportModulesInManaged (4ms)
				SetLoadedEditorAssemblies (0ms)
				RefreshPlugins (87ms)
				BeforeProcessingInitializeOnLoad (104ms)
				ProcessInitializeOnLoadAttributes (262ms)
				ProcessInitializeOnLoadMethodAttributes (949ms)
				AfterProcessingInitializeOnLoad (3ms)
				EditorAssembliesLoaded (0ms)
			ExecutionOrderSort2 (0ms)
			AwakeInstancesAfterBackupRestoration (7ms)
Platform modules already initialized, skipping
========================================================================
Worker process is ready to serve import requests
Launched and connected shader compiler UnityShaderCompiler.exe after 0.19 seconds
Refreshing native plugins compatible for Editor in 2.15 ms, found 2 plugins.
Preloading 0 native plugins for Editor in 0.00 ms.
Unloading 3433 Unused Serialized files (Serialized files now loaded: 0)
System memory in use before: 146.5 MB.
System memory in use after: 146.7 MB.

Unloading 59 unused Assets to reduce memory usage. Loaded Objects now: 3838.
Total: 32.840600 ms (FindLiveObjects: 0.583100 ms CreateObjectMapping: 0.152100 ms MarkObjects: 31.957900 ms  DeleteObjects: 0.145500 ms)

AssetImportParameters requested are different than current active one (requested -> active):
  custom:framework-win-MediaFoundation: 216162199b28c13a410421893ffa2e32 -> 
  custom:video-decoder-ogg-theora: a1e56fd34408186e4bbccfd4996cb3dc -> 
  custom:container-muxer-webm: aa71ff27fc2769a1b78a27578f13a17b -> 
  custom:container-demuxer-webm: 4f35f7cbe854078d1ac9338744f61a02 -> 
  custom:container-demuxer-ogg: 62fdf1f143b41e24485cea50d1cbac27 -> 
  custom:video-encoder-webm-vp8: eb34c28f22e8b96e1ab97ce403110664 -> 
  custom:video-decoder-webm-vp8: 9c59270c3fd7afecdb556c50c9e8de78 -> 
  custom:audio-decoder-ogg-vorbis: bf7c407c2cedff20999df2af8eb42d56 -> 
  custom:audio-encoder-webm-vorbis: bf7c407c2cedff20999df2af8eb42d56 -> 
========================================================================
Received Import Request.
  path: Assets/URPA.asset
  artifactKey: Guid(7b299a203fe0240b19f01ca3eb2a39ab) Importer(815301076,1909f56bfc062723c751e8b465ee728b)
Start importing Assets/URPA.asset using Guid(7b299a203fe0240b19f01ca3eb2a39ab) Importer(815301076,1909f56bfc062723c751e8b465ee728b)  -> (artifact id: 'befd0cd165325c16ceeb09b8938f0102') in 0.060450 seconds 
  Import took 0.067345 seconds .

========================================================================
Received Import Request.
  Time since last request: 0.000489 seconds.
  path: Assets/New Terrain.asset
  artifactKey: Guid(00a356d6dd9a52242a952bfc0cca85b1) Importer(815301076,1909f56bfc062723c751e8b465ee728b)
Start importing Assets/New Terrain.asset using Guid(00a356d6dd9a52242a952bfc0cca85b1) Importer(815301076,1909f56bfc062723c751e8b465ee728b)  -> (artifact id: '259ae97c0fe94dbd41fe19ce45a43647') in 0.279667 seconds 
  Import took 0.305105 seconds .

========================================================================
Received Import Request.
  Time since last request: 0.000247 seconds.
  path: Assets/edge.fbx
  artifactKey: Guid(ce19dae9ca6804a7184d5d69082c8e52) Importer(815301076,1909f56bfc062723c751e8b465ee728b)
Start importing Assets/edge.fbx using Guid(ce19dae9ca6804a7184d5d69082c8e52) Importer(815301076,1909f56bfc062723c751e8b465ee728b)  -> (artifact id: 'ae3aecd723d7db8a95368727b9a4df48') in 1.069606 seconds 
  Import took 1.075239 seconds .

========================================================================
Received Import Request.
  Time since last request: 0.000213 seconds.
  path: Assets/ybot.fbx
  artifactKey: Guid(4fb6cc80227463b4fbc96a989404d634) Importer(815301076,1909f56bfc062723c751e8b465ee728b)
Start importing Assets/ybot.fbx using Guid(4fb6cc80227463b4fbc96a989404d634) Importer(815301076,1909f56bfc062723c751e8b465ee728b)  -> (artifact id: 'ca9fdca59870c8d403cb20b246f65507') in 0.174118 seconds 
  Import took 0.179712 seconds .

========================================================================
Received Import Request.
  Time since last request: 0.000231 seconds.
  path: Assets/URPA_Renderer.asset
  artifactKey: Guid(322f0c3d587e343559f887b72bea9f48) Importer(815301076,1909f56bfc062723c751e8b465ee728b)
Start importing Assets/URPA_Renderer.asset using Guid(322f0c3d587e343559f887b72bea9f48) Importer(815301076,1909f56bfc062723c751e8b465ee728b)  -> (artifact id: '3f5b0982692cd6e45f110f3f3162c95f') in 0.008082 seconds 
  Import took 0.014417 seconds .

========================================================================
Received Import Request.
  Time since last request: 209.262014 seconds.
  path: Assets/Scenes/Level01.unity
  artifactKey: Guid(7220607f407514addbcc2d9028ff2b6a) Importer(815301076,1909f56bfc062723c751e8b465ee728b)
Start importing Assets/Scenes/Level01.unity using Guid(7220607f407514addbcc2d9028ff2b6a) Importer(815301076,1909f56bfc062723c751e8b465ee728b)  -> (artifact id: '1b7065be48087387a2e08f1b4683e36b') in 0.006097 seconds 
  Import took 0.011861 seconds .

========================================================================
Received Import Request.
  Time since last request: 6.657762 seconds.
  path: Assets/Scenes/SampleScene.unity
  artifactKey: Guid(9fc0d4010bbf28b4594072e72b8655ab) Importer(815301076,1909f56bfc062723c751e8b465ee728b)
Start importing Assets/Scenes/SampleScene.unity using Guid(9fc0d4010bbf28b4594072e72b8655ab) Importer(815301076,1909f56bfc062723c751e8b465ee728b)  -> (artifact id: '2a7916336e7e25268fc7a33c6c7408a8') in 0.009293 seconds 
  Import took 0.014985 seconds .

========================================================================
Received Import Request.
  Time since last request: 70.502359 seconds.
  path: Assets/Scenes/save.unity
  artifactKey: Guid(38e917f7eecf6465083a9e452d92cb73) Importer(815301076,1909f56bfc062723c751e8b465ee728b)
Start importing Assets/Scenes/save.unity using Guid(38e917f7eecf6465083a9e452d92cb73) Importer(815301076,1909f56bfc062723c751e8b465ee728b)  -> (artifact id: '8ec972f753c18c201991acafc95e91a8') in 0.023942 seconds 
  Import took 0.029319 seconds .

========================================================================
Received Import Request.
  Time since last request: 6.215240 seconds.
  path: Assets/Scenes/Test.unity
  artifactKey: Guid(6d6358fa213ea2b4889a5530a24607fb) Importer(815301076,1909f56bfc062723c751e8b465ee728b)
Start importing Assets/Scenes/Test.unity using Guid(6d6358fa213ea2b4889a5530a24607fb) Importer(815301076,1909f56bfc062723c751e8b465ee728b)  -> (artifact id: '2acb3f870a5e7ddaaa7c65018bf502cb') in 0.006150 seconds 
  Import took 0.011692 seconds .

========================================================================
Received Import Request.
  Time since last request: 7.565723 seconds.
  path: Assets/Scenes/Skybox.unity
  artifactKey: Guid(918ac5266000a7447add7f3c2992e276) Importer(815301076,1909f56bfc062723c751e8b465ee728b)
Start importing Assets/Scenes/Skybox.unity using Guid(918ac5266000a7447add7f3c2992e276) Importer(815301076,1909f56bfc062723c751e8b465ee728b)  -> (artifact id: '96995a256d2da0a4602ecf6a71841c37') in 0.006110 seconds 
  Import took 0.011676 seconds .

